<?xml version="1.0" encoding="UTF-8"?>
<!-- Generated by org.testng.reporters.JUnitReportReporter -->
<testsuite skipped="0" hostname="CAJA200" name="test.login.Login" tests="1" failures="0" timestamp="07 mar 2018 20:18:21 GMT" time="3.905" errors="0">
  <testcase name="iniciarSesion" time="3.905" classname="test.login.Login"/>
</testsuite> <!-- test.login.Login -->
